1693905581690	geckodriver	INFO	Listening on 127.0.0.1:53580
1693905584740	mozrunner::runner	INFO	Running command: "C:\\Program Files\\Mozilla Firefox\\firefox.exe" "--marionette" "--remote-debugging-port" "53581" "--remote-allow-hosts" "localhost" "-no-remote" "-profile" "C:\\Users\\laq28\\AppData\\Local\\Temp\\rust_mozprofileuvs3Ca"
console.warn: services.settings: Ignoring preference override of remote settings server
console.warn: services.settings: Allow by setting MOZ_REMOTE_SETTINGS_DEVTOOLS=1 in the environment
1693905585289	Marionette	INFO	Marionette enabled
Dynamically enable window occlusion 0
1693905585481	Marionette	INFO	Listening on port 53594
WebDriver BiDi listening on ws://127.0.0.1:53581
Read port: 53594
1693905586086	RemoteAgent	WARN	TLS certificate errors will be ignored for this session
DevTools listening on ws://127.0.0.1:53581/devtools/browser/a5f09418-8856-470a-87db-32e055831782
1693905651584	Marionette	INFO	Stopped listening on port 53594
Dynamically enable window occlusion 1
ng command: "C:\\Program Files\\Mozilla Firefox\\firefox.exe" "--marionette" "--remote-debugging-port" "53674" "--remote-allow-hosts" "localhost" "-no-remote" "-profile" "C:\\Users\\laq28\\AppData\\Local\\Temp\\rust_mozprofileshtvtL"
console.warn: services.settings: Ignoring preference override of remote settings server
console.warn: services.settings: Allow by setting MOZ_REMOTE_SETTINGS_DEVTOOLS=1 in the environment
1693905647493	Marionette	INFO	Marionette enabled
Dynamically enable window occlusion 0
1693905647578	Marionette	INFO	Listening on port 53683
WebDriver BiDi listening on ws://127.0.0.1:53674
Read port: 53683
1693905647815	RemoteAgent	WARN	TLS certificate errors will be ignored for this session
DevTools listening on ws://127.0.0.1:53674/devtools/browser/400c734a-d1c1-4b67-b469-75ff63a6c7ab
1693905823630	Marionette	INFO	Stopped listening on port 53683
Dynamically enable window occlusion 1
ng command: "C:\\Program Files\\Mozilla Firefox\\firefox.exe" "--marionette" "--remote-debugging-port" "53753" "--remote-allow-hosts" "localhost" "-no-remote" "-profile" "C:\\Users\\laq28\\AppData\\Local\\Temp\\rust_mozprofilej13FOU"
console.warn: services.settings: Ignoring preference override of remote settings server
console.warn: services.settings: Allow by setting MOZ_REMOTE_SETTINGS_DEVTOOLS=1 in the environment
1693905697606	Marionette	INFO	Marionette enabled
Dynamically enable window occlusion 0
1693905697694	Marionette	INFO	Listening on port 53762
WebDriver BiDi listening on ws://127.0.0.1:53753
Read port: 53762
1693905698026	RemoteAgent	WARN	TLS certificate errors will be ignored for this session
DevTools listening on ws://127.0.0.1:53753/devtools/browser/00c4867e-8ebc-44ac-9b79-4c7dc0a00b29
1693905714242	Marionette	INFO	Stopped listening on port 53762
Dynamically enable window occlusion 1
1693905801797	geckodriver	INFO	Listening on 127.0.0.1:53849
1693905804847	mozrunner::runner	INFO	Running command: "C:\\Program Files\\Mozilla Firefox\\firefox.exe" "--marionette" "--remote-debugging-port" "53850" "--remote-allow-hosts" "localhost" "-no-remote" "-profile" "C:\\Users\\laq28\\AppData\\Local\\Temp\\rust_mozprofilekDoSAW"
console.warn: services.settings: Ignoring preference override of remote settings server
console.warn: services.settings: Allow by setting MOZ_REMOTE_SETTINGS_DEVTOOLS=1 in the environment
1693905805332	Marionette	INFO	Marionette enabled
Dynamically enable window occlusion 0
1693905805434	Marionette	INFO	Listening on port 53859
WebDriver BiDi listening on ws://127.0.0.1:53850
Read port: 53859
1693905805908	RemoteAgent	WARN	TLS certificate errors will be ignored for this session
DevTools listening on ws://127.0.0.1:53850/devtools/browser/8ba03602-d6ac-499d-8db4-eab361615844
1693905827354	Marionette	INFO	Stopped listening on port 53859
Dynamically enable window occlusion 1
!!! error running onStopped callback: TypeError: callback is not a function
1693905836451	geckodriver	INFO	Listening on 127.0.0.1:53911
1693905839497	mozrunner::runner	INFO	Running command: "C:\\Program Files\\Mozilla Firefox\\firefox.exe" "--marionette" "--remote-debugging-port" "53912" "--remote-allow-hosts" "localhost" "-no-remote" "-profile" "C:\\Users\\laq28\\AppData\\Local\\Temp\\rust_mozprofilefzSH2i"
console.warn: services.settings: Ignoring preference override of remote settings server
console.warn: services.settings: Allow by setting MOZ_REMOTE_SETTINGS_DEVTOOLS=1 in the environment
1693905839854	Marionette	INFO	Marionette enabled
Dynamically enable window occlusion 0
1693905839955	Marionette	INFO	Listening on port 53920
WebDriver BiDi listening on ws://127.0.0.1:53912
Read port: 53920
1693905840302	RemoteAgent	WARN	TLS certificate errors will be ignored for this session
DevTools listening on ws://127.0.0.1:53912/devtools/browser/408f8544-0074-48db-800d-e19f80968419
1693905951762	Marionette	INFO	Stopped listening on port 53920
Dynamically enable window occlusion 1
ng command: "C:\\Program Files\\Mozilla Firefox\\firefox.exe" "--marionette" "--remote-debugging-port" "53982" "--remote-allow-hosts" "localhost" "-no-remote" "-profile" "C:\\Users\\laq28\\AppData\\Local\\Temp\\rust_mozprofileDtDV4G"
console.warn: services.settings: Ignoring preference override of remote settings server
console.warn: services.settings: Allow by setting MOZ_REMOTE_SETTINGS_DEVTOOLS=1 in the environment
1693905889831	Marionette	INFO	Marionette enabled
Dynamically enable window occlusion 0
1693905889923	Marionette	INFO	Listening on port 53993
WebDriver BiDi listening on ws://127.0.0.1:53982
Read port: 53993
1693905890286	RemoteAgent	WARN	TLS certificate errors will be ignored for this session
DevTools listening on ws://127.0.0.1:53982/devtools/browser/811d02e0-6374-4f52-9ac9-241c9c3d3549
1693905952503	Marionette	INFO	Stopped listening on port 53993
Dynamically enable window occlusion 1
*** UTM:SVC TimerManager:registerTimer called after profile-before-change notification. Ignoring timer registration for id: telemetry_modules_ping
*** UTM:SVC TimerManager:registerTimer called after profile-before-change notification. Ignoring timer registration for id: telemetry_untrustedmodules_ping
 settings server
console.warn: services.settings: Allow by setting MOZ_REMOTE_SETTINGS_DEVTOOLS=1 in the environment
1693905927110	Marionette	INFO	Marionette enabled
Dynamically enable window occlusion 0
1693905927200	Marionette	INFO	Listening on port 54056
WebDriver BiDi listening on ws://127.0.0.1:54048
Read port: 54056
1693905927445	RemoteAgent	WARN	TLS certificate errors will be ignored for this session
DevTools listening on ws://127.0.0.1:54048/devtools/browser/952e66ca-8acc-4143-a480-393f415a62ab
1693905954393	Marionette	INFO	Stopped listening on port 54056
Dynamically enable window occlusion 1
1693905994251	geckodriver	INFO	Listening on 127.0.0.1:54128
1693905997312	mozrunner::runner	INFO	Running command: "C:\\Program Files\\Mozilla Firefox\\firefox.exe" "--marionette" "--remote-debugging-port" "54129" "--remote-allow-hosts" "localhost" "-no-remote" "-profile" "C:\\Users\\laq28\\AppData\\Local\\Temp\\rust_mozprofileuEheth"
console.warn: services.settings: Ignoring preference override of remote settings server
console.warn: services.settings: Allow by setting MOZ_REMOTE_SETTINGS_DEVTOOLS=1 in the environment
1693905997680	Marionette	INFO	Marionette enabled
Dynamically enable window occlusion 0
1693905997763	Marionette	INFO	Listening on port 54138
WebDriver BiDi listening on ws://127.0.0.1:54129
Read port: 54138
1693905998086	RemoteAgent	WARN	TLS certificate errors will be ignored for this session
DevTools listening on ws://127.0.0.1:54129/devtools/browser/e26af1e4-9d83-4ef5-b746-af8907254fde
JavaScript error: , line 0: NotFoundError: No such JSWindowActor 'DevToolsFrame'
1693906217100	Marionette	INFO	Stopped listening on port 54138
Dynamically enable window occlusion 1
ng command: "C:\\Program Files\\Mozilla Firefox\\firefox.exe" "--marionette" "--remote-debugging-port" "54226" "--remote-allow-hosts" "localhost" "-no-remote" "-profile" "C:\\Users\\laq28\\AppData\\Local\\Temp\\rust_mozprofileNDgaUE"
console.warn: services.settings: Ignoring preference override of remote settings server
console.warn: services.settings: Allow by setting MOZ_REMOTE_SETTINGS_DEVTOOLS=1 in the environment
1693906096676	Marionette	INFO	Marionette enabled
Dynamically enable window occlusion 0
1693906096757	Marionette	INFO	Listening on port 54236
WebDriver BiDi listening on ws://127.0.0.1:54226
Read port: 54236
1693906096988	RemoteAgent	WARN	TLS certificate errors will be ignored for this session
DevTools listening on ws://127.0.0.1:54226/devtools/browser/0292b4a3-6433-4245-bed0-fcf015fc5e9a
1693906218444	Marionette	INFO	Stopped listening on port 54236
Dynamically enable window occlusion 1
1693906270606	geckodriver	INFO	Listening on 127.0.0.1:54476
1693906273661	mozrunner::runner	INFO	Running command: "C:\\Program Files\\Mozilla Firefox\\firefox.exe" "--marionette" "--remote-debugging-port" "54477" "--remote-allow-hosts" "localhost" "-no-remote" "-profile" "C:\\Users\\laq28\\AppData\\Local\\Temp\\rust_mozprofileJEHC7d"
console.warn: services.settings: Ignoring preference override of remote settings server
console.warn: services.settings: Allow by setting MOZ_REMOTE_SETTINGS_DEVTOOLS=1 in the environment
1693906274057	Marionette	INFO	Marionette enabled
Dynamically enable window occlusion 0
1693906274253	Marionette	INFO	Listening on port 54486
WebDriver BiDi listening on ws://127.0.0.1:54477
Read port: 54486
1693906274580	RemoteAgent	WARN	TLS certificate errors will be ignored for this session
1693906281901	geckodriver	INFO	Listening on 127.0.0.1:54502
1693906284958	mozrunner::runner	INFO	Running command: "C:\\Program Files\\Mozilla Firefox\\firefox.exe" "--marionette" "--remote-debugging-port" "54503" "--remote-allow-hosts" "localhost" "-no-remote" "-profile" "C:\\Users\\laq28\\AppData\\Local\\Temp\\rust_mozprofileMPgupC"
console.warn: services.settings: Ignoring preference override of remote settings server
console.warn: services.settings: Allow by setting MOZ_REMOTE_SETTINGS_DEVTOOLS=1 in the environment
1693906285320	Marionette	INFO	Marionette enabled
Dynamically enable window occlusion 0
1693906285400	Marionette	INFO	Listening on port 54512
Read port: 54512
WebDriver BiDi listening on ws://127.0.0.1:54503
1693906285513	RemoteAgent	WARN	TLS certificate errors will be ignored for this session
DevTools listening on ws://127.0.0.1:54503/devtools/browser/76856504-6f57-4f0f-ab20-ad0a0f5a3df1
1693906446630	geckodriver	INFO	Listening on 127.0.0.1:54623
1693906449684	mozrunner::runner	INFO	Running command: "C:\\Program Files\\Mozilla Firefox\\firefox.exe" "--marionette" "--remote-debugging-port" "54624" "--remote-allow-hosts" "localhost" "-no-remote" "-profile" "C:\\Users\\laq28\\AppData\\Local\\Temp\\rust_mozprofile7QKJvB"
console.warn: services.settings: Ignoring preference override of remote settings server
console.warn: services.settings: Allow by setting MOZ_REMOTE_SETTINGS_DEVTOOLS=1 in the environment
1693906450060	Marionette	INFO	Marionette enabled
Dynamically enable window occlusion 0
1693906450150	Marionette	INFO	Listening on port 54633
WebDriver BiDi listening on ws://127.0.0.1:54624
Read port: 54633
1693906450471	RemoteAgent	WARN	TLS certificate errors will be ignored for this session
DevTools listening on ws://127.0.0.1:54624/devtools/browser/c417c8e8-d466-4ddf-a753-c543d95daa97
JavaScript error: resource://gre/modules/XULStore.sys.mjs, line 60: Error: Can't find profile directory.
JavaScript error: resource://gre/modules/XULStore.sys.mjs, line 60: Error: Can't find profile directory.
JavaScript error: resource://gre/modules/XULStore.sys.mjs, line 60: Error: Can't find profile directory.
JavaScript error: resource://gre/modules/XULStore.sys.mjs, line 60: Error: Can't find profile directory.
JavaScript error: resource://gre/modules/XULStore.sys.mjs, line 60: Error: Can't find profile directory.
JavaScript error: resource://gre/modules/XULStore.sys.mjs, line 60: Error: Can't find profile directory.
console.warn: services.settings: Ignoring preference override of remote settings server
console.warn: services.settings: Allow by setting MOZ_REMOTE_SETTINGS_DEVTOOLS=1 in the environment
console.error: (new TypeError("lazy.AsyncShutdown.profileBeforeChange is undefined", "resource://services-settings/Database.sys.mjs", 593))
1693906722153	Marionette	INFO	Stopped listening on port 54633
Dynamically enable window occlusion 1
127.0.0.1:54848
1693906713545	mozrunner::runner	INFO	Running command: "C:\\Program Files\\Mozilla Firefox\\firefox.exe" "--marionette" "--remote-debugging-port" "54849" "--remote-allow-hosts" "localhost" "-no-remote" "-profile" "C:\\Users\\laq28\\AppData\\Local\\Temp\\rust_mozprofileMIJw4u"
console.warn: services.settings: Ignoring preference override of remote settings server
console.warn: services.settings: Allow by setting MOZ_REMOTE_SETTINGS_DEVTOOLS=1 in the environment
1693906713965	Marionette	INFO	Marionette enabled
Dynamically enable window occlusion 0
1693906714055	Marionette	INFO	Listening on port 54858
WebDriver BiDi listening on ws://127.0.0.1:54849
Read port: 54858
1693906714307	RemoteAgent	WARN	TLS certificate errors will be ignored for this session
DevTools listening on ws://127.0.0.1:54849/devtools/browser/d97fd417-2ca8-455f-9097-7fe95fa186ac
1693906720668	Marionette	INFO	Stopped listening on port 54851693906723234	mozrunner::runner	INFO	Running command: "C:\\Program Files\\Mozilla Firefox\\firefox.exe" "--marionette" "--remote-debugging-port" "54891" "--remote-allow-hosts" "localhost" "-no-remote" "-profile" "C:\\Users\\laq28\\AppData\\Local\\Temp\\rust_mozprofileRaHSbE"
console.warn: services.settings: Ignoring preference override of remote settings server
console.warn: services.settings: Allow by setting MOZ_REMOTE_SETTINGS_DEVTOOLS=1 in the environment
1693906723610	Marionette	INFO	Marionette enabled
Dynamically enable window occlusion 0
1693906723698	Marionette	INFO	Listening on port 54900
WebDriver BiDi listening on ws://127.0.0.1:54891
Read port: 54900
1693906724034	RemoteAgent	WARN	TLS certificate errors will be ignored for this session
DevTools listening on ws://127.0.0.1:54891/devtools/browser/8563fecb-7179-4fad-8f63-633c97d56ff6
1693906740621	Marionette	INFO	Stopped listening on port 54900
Dynamically enable window occlusion 1
1693906766709	geckodriver	INFO	Listening on 127.0.0.1:54986
1693906769752	mozrunner::runner	INFO	Running command: "C:\\Program Files\\Mozilla Firefox\\firefox.exe" "--marionette" "--remote-debugging-port" "54987" "--remote-allow-hosts" "localhost" "-no-remote" "-profile" "C:\\Users\\laq28\\AppData\\Local\\Temp\\rust_mozprofiledP24VI"
console.warn: services.settings: Ignoring preference override of remote settings server
console.warn: services.settings: Allow by setting MOZ_REMOTE_SETTINGS_DEVTOOLS=1 in the environment
1693906770196	Marionette	INFO	Marionette enabled
Dynamically enable window occlusion 0
1693906770285	Marionette	INFO	Listening on port 54996
WebDriver BiDi listening on ws://127.0.0.1:54987
Read port: 54996
1693906770693	RemoteAgent	WARN	TLS certificate errors will be ignored for this session
DevTools listening on ws://127.0.0.1:54987/devtools/browser/d33561b7-f6a2-47b2-9480-d9a59c92197e
1693906787685	Marionette	INFO	Stopped listening on port 54996
Dynamically enable window occlusion 1
console.error: (new Error("Data is not ready.", "resource://gre/modules/JSONFile.sys.mjs", 178))
ort" "55027" "--remote-allow-hosts" "localhost" "-no-remote" "-profile" "C:\\Users\\laq28\\AppData\\Local\\Temp\\rust_mozprofilefb5vTp"
console.warn: services.settings: Ignoring preference override of remote settings server
console.warn: services.settings: Allow by setting MOZ_REMOTE_SETTINGS_DEVTOOLS=1 in the environment
1693906779411	Marionette	INFO	Marionette enabled
Dynamically enable window occlusion 0
1693906779543	Marionette	INFO	Listening on port 55043
WebDriver BiDi listening on ws://127.0.0.1:55027
Read port: 55043
1693906779940	RemoteAgent	WARN	TLS certificate errors will be ignored for this session
DevTools listening on ws://127.0.0.1:55027/devtools/browser/771c36c0-d43e-45a5-a76a-f11fcea39ff8
1693906788674	Marionette	INFO	Stopped listening on port 55043
Dynamically enable window occlusion 1
1693906948448	geckodriver	INFO	Listening on 127.0.0.1:55161
1693906951483	mozrunner::runner	INFO	Running command: "C:\\Program Files\\Mozilla Firefox\\firefox.exe" "--marionette" "--remote-debugging-port" "55162" "--remote-allow-hosts" "localhost" "-no-remote" "-profile" "C:\\Users\\laq28\\AppData\\Local\\Temp\\rust_mozprofilepm1Em8"
console.warn: services.settings: Ignoring preference override of remote settings server
console.warn: services.settings: Allow by setting MOZ_REMOTE_SETTINGS_DEVTOOLS=1 in the environment
1693906951901	Marionette	INFO	Marionette enabled
Dynamically enable window occlusion 0
1693906951991	Marionette	INFO	Listening on port 55172
WebDriver BiDi listening on ws://127.0.0.1:55162
Read port: 55172
1693906952327	RemoteAgent	WARN	TLS certificate errors will be ignored for this session
DevTools listening on ws://127.0.0.1:55162/devtools/browser/433a3830-c0ee-4109-b48b-37d69cfbde9c
1693906956882	geckodriver	INFO	Listening on 127.0.0.1:55200
1693906959922	mozrunner::runner	INFO	Running command: "C:\\Program Files\\Mozilla Firefox\\firefox.exe" "--marionette" "--remote-debugging-port" "55201" "--remote-allow-hosts" "localhost" "-no-remote" "-profile" "C:\\Users\\laq28\\AppData\\Local\\Temp\\rust_mozprofilelWhTPr"
console.warn: services.settings: Ignoring preference override of remote settings server
console.warn: services.settings: Allow by setting MOZ_REMOTE_SETTINGS_DEVTOOLS=1 in the environment
1693906960342	Marionette	INFO	Marionette enabled
Dynamically enable window occlusion 0
1693906960435	Marionette	INFO	Listening on port 55216
WebDriver BiDi listening on ws://127.0.0.1:55201
Read port: 55216
1693906960775	RemoteAgent	WARN	TLS certificate errors will be ignored for this session
DevTools listening on ws://127.0.0.1:55201/devtools/browser/e11eb9f1-44b5-4481-bdca-da99a85e20b5
1693907780580	geckodriver	INFO	Listening on 127.0.0.1:55666
1693907783606	mozrunner::runner	INFO	Running command: "C:\\Program Files\\Mozilla Firefox\\firefox.exe" "--marionette" "--remote-debugging-port" "55667" "--remote-allow-hosts" "localhost" "-no-remote" "-profile" "C:\\Users\\laq28\\AppData\\Local\\Temp\\rust_mozprofileQ4hmvD"
console.warn: services.settings: Ignoring preference override of remote settings server
console.warn: services.settings: Allow by setting MOZ_REMOTE_SETTINGS_DEVTOOLS=1 in the environment
1693907783974	Marionette	INFO	Marionette enabled
Dynamically enable window occlusion 0
1693907784075	Marionette	INFO	Listening on port 55676
WebDriver BiDi listening on ws://127.0.0.1:55667
Read port: 55676
1693907784444	RemoteAgent	WARN	TLS certificate errors will be ignored for this session
DevTools listening on ws://127.0.0.1:55667/devtools/browser/fbf2d5af-9dec-4154-92f9-73d339549691
1693907893085	Marionette	INFO	Stopped listening on port 55676
Dynamically enable window occlusion 1
1693907894580	geckodriver	INFO	Listening on 127.0.0.1:55761
1693907897634	mozrunner::runner	INFO	Running command: "C:\\Program Files\\Mozilla Firefox\\firefox.exe" "--marionette" "--remote-debugging-port" "55762" "--remote-allow-hosts" "localhost" "-no-remote" "-profile" "C:\\Users\\laq28\\AppData\\Local\\Temp\\rust_mozprofileakynJT"
console.warn: services.settings: Ignoring preference override of remote settings server
console.warn: services.settings: Allow by setting MOZ_REMOTE_SETTINGS_DEVTOOLS=1 in the environment
1693907898078	Marionette	INFO	Marionette enabled
Dynamically enable window occlusion 0
1693907898214	Marionette	INFO	Listening on port 55770
WebDriver BiDi listening on ws://127.0.0.1:55762
Read port: 55770
1693907898739	RemoteAgent	WARN	TLS certificate errors will be ignored for this session
DevTools listening on ws://127.0.0.1:55762/devtools/browser/362f2a29-5317-4523-8654-490db4d01ece
JavaScript warning: https://apidocjs.com/example/assets/main.bundle.js, line 70: Script terminated by timeout at:
6486/<@https://apidocjs.com/example/assets/main.bundle.js:70:3514
6486@https://apidocjs.com/example/assets/main.bundle.js:89:11333
ct@https://apidocjs.com/example/assets/main.bundle.js:96:50479
@https://apidocjs.com/example/assets/main.bundle.js:96:51099
@https://apidocjs.com/example/assets/main.bundle.js:219:12414
@https://apidocjs.com/example/assets/main.bundle.js:219:12418

1693907902279	Marionette	INFO	Stopped listening on port 55770
Dynamically enable window occlusion 1
JavaScript error: chrome://remote/content/marionette/cert.sys.mjs, line 51: NS_ERROR_NOT_AVAILABLE: Component returned failure code: 0x80040111 (NS_ERROR_NOT_AVAILABLE) [nsICertOverrideService.setDisableAllSecurityChecksAndLetAttackersInterceptMyData]
!!! error running onStopped callback: TypeError: callback is not a function
1693907902339	WebDriver BiDi	ERROR	Failed to stop protocol: [Exception... "Component returned failure code: 0x80040111 (NS_ERROR_NOT_AVAILABLE) [nsICertOverrideService.setDisableAllSecurityChecksAndLetAttackersInterceptMyData]"  nsresult: "0x80040111 (NS_ERROR_NOT_AVAILABLE)"  location: "JS frame :: chrome://remote/content/marionette/cert.sys.mjs :: allowAllCerts.disable :: line 51"  data: no] Stack trace: allowAllCerts.disable()@cert.sys.mjs:51
destroy()@Session.sys.mjs:215
deleteSession()@WebDriverBiDi.sys.mjs:140
stop()@WebDriverBiDi.sys.mjs:228
1694080071004	geckodriver	INFO	Listening on 127.0.0.1:56339
1694080074061	mozrunner::runner	INFO	Running command: "C:\\Program Files\\Mozilla Firefox\\firefox.exe" "--marionette" "--remote-debugging-port" "56340" "--remote-allow-hosts" "localhost" "-no-remote" "-profile" "C:\\Users\\laq28\\AppData\\Local\\Temp\\rust_mozprofile2PiZx7"
console.warn: services.settings: Ignoring preference override of remote settings server
console.warn: services.settings: Allow by setting MOZ_REMOTE_SETTINGS_DEVTOOLS=1 in the environment
1694080074634	Marionette	INFO	Marionette enabled
Dynamically enable window occlusion 0
1694080074729	Marionette	INFO	Listening on port 56352
WebDriver BiDi listening on ws://127.0.0.1:56340
Read port: 56352
1694080075117	RemoteAgent	WARN	TLS certificate errors will be ignored for this session
DevTools listening on ws://127.0.0.1:56340/devtools/browser/8c47ba3a-48a4-48e8-b758-3669e795bc0d
console.warn: "nsPrompter: isThirdPartyURI failed: [Exception... \"Component returned failure code: 0x80070057 (NS_ERROR_ILLEGAL_VALUE) [nsIPrincipal.isThirdPartyURI]\"  nsresult: \"0x80070057 (NS_ERROR_ILLEGAL_VALUE)\"  location: \"JS frame :: resource://gre/modules/Prompter.sys.mjs :: openPrompt :: line 1131\"  data: no]"
1694080083417	Marionette	INFO	Stopped listening on port 56352
Dynamically enable window occlusion 1
1694080174055	geckodriver	INFO	Listening on 127.0.0.1:56436
1694080177110	mozrunner::runner	INFO	Running command: "C:\\Program Files\\Mozilla Firefox\\firefox.exe" "--marionette" "--remote-debugging-port" "56437" "--remote-allow-hosts" "localhost" "-no-remote" "-profile" "C:\\Users\\laq28\\AppData\\Local\\Temp\\rust_mozprofileCiLzHi"
console.warn: services.settings: Ignoring preference override of remote settings server
console.warn: services.settings: Allow by setting MOZ_REMOTE_SETTINGS_DEVTOOLS=1 in the environment
1694080177486	Marionette	INFO	Marionette enabled
Dynamically enable window occlusion 0
1694080177568	Marionette	INFO	Listening on port 56446
WebDriver BiDi listening on ws://127.0.0.1:56437
Read port: 56446
1694080177903	RemoteAgent	WARN	TLS certificate errors will be ignored for this session
DevTools listening on ws://127.0.0.1:56437/devtools/browser/0b567977-26bb-4051-a810-49810d642307
console.warn: "nsPrompter: isThirdPartyURI failed: [Exception... \"Component returned failure code: 0x80070057 (NS_ERROR_ILLEGAL_VALUE) [nsIPrincipal.isThirdPartyURI]\"  nsresult: \"0x80070057 (NS_ERROR_ILLEGAL_VALUE)\"  location: \"JS frame :: resource://gre/modules/Prompter.sys.mjs :: openPrompt :: line 1131\"  data: no]"
1694081074019	Marionette	INFO	Stopped listening on port 56446
Dynamically enable window occlusion 1
ng command: "C:\\Program Files\\Mozilla Firefox\\firefox.exe" "--marionette" "--remote-debugging-port" "56515" "--remote-allow-hosts" "localhost" "-no-remote" "-profile" "C:\\Users\\laq28\\AppData\\Local\\Temp\\rust_mozprofileuhVQxS"
console.warn: services.settings: Ignoring preference override of remote settings server
console.warn: services.settings: Allow by setting MOZ_REMOTE_SETTINGS_DEVTOOLS=1 in the environment
1694080234636	Marionette	INFO	Marionette enabled
Dynamically enable window occlusion 0
1694080234720	Marionette	INFO	Listening on port 56524
WebDriver BiDi listening on ws://127.0.0.1:56515
Read port: 56524
1694080235061	RemoteAgent	WARN	TLS certificate errors will be ignored for this session
DevTools listening on ws://127.0.0.1:56515/devtools/browser/3c280dfe-a7d7-41af-8755-c0117e335cdb
1694080706089	Marionette	INFO	Stopped listening on port 56524
Dynamically enable window occlusion 1
!!! error running onStopped callback: TypeError: callback is not a function
"--remote-debugging-port" "56594" "--remote-allow-hosts" "localhost" "-no-remote" "-profile" "C:\\Users\\laq28\\AppData\\Local\\Temp\\rust_mozprofile5uVgYc"
console.warn: services.settings: Ignoring preference override of remote settings server
console.warn: services.settings: Allow by setting MOZ_REMOTE_SETTINGS_DEVTOOLS=1 in the environment
1694080281526	Marionette	INFO	Marionette enabled
Dynamically enable window occlusion 0
1694080281614	Marionette	INFO	Listening on port 56602
WebDriver BiDi listening on ws://127.0.0.1:56594
Read port: 56602
1694080281960	RemoteAgent	WARN	TLS certificate errors will be ignored for this session
DevTools listening on ws://127.0.0.1:56594/devtools/browser/7d67d39a-db54-4f1b-8a97-f7b7ce892691
console.warn: "nsPrompter: isThirdPartyURI failed: [Exception... \"Component returned failure code: 0x80070057 (NS_ERROR_ILLEGAL_VALUE) [nsIPrincipal.isThirdPartyURI]\"  nsresult: \"0x80070057 (NS_ERROR_ILLEGAL_VALUE)\"  location: \"JS frame :: resource://gre/modules/Prompter.sys.mjs :: openPrompt :: line 1131\"  data: no]"
1694080287468	Marionette	INFO	Stopped listening on port 56602
Dynamically enable window occlusion 1
1694080363758	geckodriver	INFO	Listening on 127.0.0.1:56673
1694080366805	mozrunner::runner	INFO	Running command: "C:\\Program Files\\Mozilla Firefox\\firefox.exe" "--marionette" "--remote-debugging-port" "56674" "--remote-allow-hosts" "localhost" "-no-remote" "-profile" "C:\\Users\\laq28\\AppData\\Local\\Temp\\rust_mozprofileYq9AIA"
console.warn: services.settings: Ignoring preference override of remote settings server
console.warn: services.settings: Allow by setting MOZ_REMOTE_SETTINGS_DEVTOOLS=1 in the environment
1694080367391	Marionette	INFO	Marionette enabled
Dynamically enable window occlusion 0
1694080367475	Marionette	INFO	Listening on port 56683
WebDriver BiDi listening on ws://127.0.0.1:56674
Read port: 56683
1694080367819	RemoteAgent	WARN	TLS certificate errors will be ignored for this session
DevTools listening on ws://127.0.0.1:56674/devtools/browser/d1382aa2-4245-4a01-8d27-1c2769d8d6f1
1694080707284	Marionette	INFO	Stopped listening on port 56683
Dynamically enable window occlusion 1
ng command: "C:\\Program Files\\Mozilla Firefox\\firefox.exe" "--marionette" "--remote-debugging-port" "56738" "--remote-allow-hosts" "localhost" "-no-remote" "-profile" "C:\\Users\\laq28\\AppData\\Local\\Temp\\rust_mozprofile2fNcfg"
console.warn: services.settings: Ignoring preference override of remote settings server
console.warn: services.settings: Allow by setting MOZ_REMOTE_SETTINGS_DEVTOOLS=1 in the environment
1694080416342	Marionette	INFO	Marionette enabled
Dynamically enable window occlusion 0
1694080416432	Marionette	INFO	Listening on port 56747
WebDriver BiDi listening on ws://127.0.0.1:56738
Read port: 56747
1694080416771	RemoteAgent	WARN	TLS certificate errors will be ignored for this session
DevTools listening on ws://127.0.0.1:56738/devtools/browser/a415c482-d70d-4154-9065-385ee5c851e0
console.warn: "nsPrompter: isThirdPartyURI failed: [Exception... \"Component returned failure code: 0x80070057 (NS_ERROR_ILLEGAL_VALUE) [nsIPrincipal.isThirdPartyURI]\"  nsresult: \"0x80070057 (NS_ERROR_ILLEGAL_VALUE)\"  location: \"JS frame :: resource://gre/modules/Prompter.sys.mjs :: openPrompt :: line 1131\"  data: no]"
1694080422662	Marionette	INFO	Stopped listening on port 56747
Dynamically enable window occlusion 1
console.warn: services.settings: main/partitioning-exempt-urls sync interrupted by shutdown
1694080667834	geckodriver	INFO	Listening on 127.0.0.1:56919
1694080670887	mozrunner::runner	INFO	Running command: "C:\\Program Files\\Mozilla Firefox\\firefox.exe" "--marionette" "--remote-debugging-port" "56920" "--remote-allow-hosts" "localhost" "-no-remote" "-profile" "C:\\Users\\laq28\\AppData\\Local\\Temp\\rust_mozprofilenONfEh"
console.warn: services.settings: Ignoring preference override of remote settings server
console.warn: services.settings: Allow by setting MOZ_REMOTE_SETTINGS_DEVTOOLS=1 in the environment
1694080671475	Marionette	INFO	Marionette enabled
Dynamically enable window occlusion 0
1694080671556	Marionette	INFO	Listening on port 56929
WebDriver BiDi listening on ws://127.0.0.1:56920
Read port: 56929
1694080671883	RemoteAgent	WARN	TLS certificate errors will be ignored for this session
DevTools listening on ws://127.0.0.1:56920/devtools/browser/d68a6f15-660f-423e-b070-06ac47e1a1a5
JavaScript error: resource://gre/modules/AsyncShutdown.sys.mjs, line 573: NotFoundError: No such JSWindowActor 'DevToolsFrame'
1694081072896	Marionette	INFO	Stopped listening on port 56929
Dynamically enable window occlusion 1
!!! error running onStopped callback: TypeError: callback is not a function
Temp\\rust_mozprofile935wLY"
console.warn: services.settings: Ignoring preference override of remote settings server
console.warn: services.settings: Allow by setting MOZ_REMOTE_SETTINGS_DEVTOOLS=1 in the environment
1694080850959	Marionette	INFO	Marionette enabled
Dynamically enable window occlusion 0
1694080851044	Marionette	INFO	Listening on port 57087
WebDriver BiDi listening on ws://127.0.0.1:57074
Read port: 57087
1694080851381	RemoteAgent	WARN	TLS certificate errors will be ignored for this session
DevTools listening on ws://127.0.0.1:57074/devtools/browser/9e04c6bc-e942-4630-a637-67daf38b4e31
1694081074777	Marionette	INFO	Stopped listening on port 57087
Dynamically enable window occlusion 1
ng command: "C:\\Program Files\\Mozilla Firefox\\firefox.exe" "--marionette" "--remote-debugging-port" "57173" "--remote-allow-hosts" "localhost" "-no-remote" "-profile" "C:\\Users\\laq28\\AppData\\Local\\Temp\\rust_mozprofileWfGBmu"
console.warn: services.settings: Ignoring preference override of remote settings server
console.warn: services.settings: Allow by setting MOZ_REMOTE_SETTINGS_DEVTOOLS=1 in the environment
1694080911363	Marionette	INFO	Marionette enabled
Dynamically enable window occlusion 0
1694080911456	Marionette	INFO	Listening on port 57182
WebDriver BiDi listening on ws://127.0.0.1:57173
Read port: 57182
1694080911789	RemoteAgent	WARN	TLS certificate errors will be ignored for this session
DevTools listening on ws://127.0.0.1:57173/devtools/browser/3cc135de-8996-42a0-98d0-ef2ca0d9758b
1694081075625	Marionette	INFO	Stopped listening on port 57182
Dynamically enable window occlusion 1
!!! error running onStopped callback: TypeError: callback is not a function
"--remote-debugging-port" "57288" "--remote-allow-hosts" "localhost" "-no-remote" "-profile" "C:\\Users\\laq28\\AppData\\Local\\Temp\\rust_mozprofileoR9xpB"
console.warn: services.settings: Ignoring preference override of remote settings server
console.warn: services.settings: Allow by setting MOZ_REMOTE_SETTINGS_DEVTOOLS=1 in the environment
1694081009869	Marionette	INFO	Marionette enabled
Dynamically enable window occlusion 0
1694081009953	Marionette	INFO	Listening on port 57307
WebDriver BiDi listening on ws://127.0.0.1:57288
Read port: 57307
1694081010334	RemoteAgent	WARN	TLS certificate errors will be ignored for this session
DevTools listening on ws://127.0.0.1:57288/devtools/browser/9362262b-6c5d-45f1-82ca-4bb28d7e30ce
1694081077021	Marionette	INFO	Stopped listening on port 57307
Dynamically enable window occlusion 1
ng command: "C:\\Program Files\\Mozilla Firefox\\firefox.exe" "--marionette" "--remote-debugging-port" "57378" "--remote-allow-hosts" "localhost" "-no-remote" "-profile" "C:\\Users\\laq28\\AppData\\Local\\Temp\\rust_mozprofiled6JMz3"
console.warn: services.settings: Ignoring preference override of remote settings server
console.warn: services.settings: Allow by setting MOZ_REMOTE_SETTINGS_DEVTOOLS=1 in the environment
1694081048973	Marionette	INFO	Marionette enabled
Dynamically enable window occlusion 0
1694081049061	Marionette	INFO	Listening on port 57396
WebDriver BiDi listening on ws://127.0.0.1:57378
Read port: 57396
1694081049332	RemoteAgent	WARN	TLS certificate errors will be ignored for this session
DevTools listening on ws://127.0.0.1:57378/devtools/browser/abde9bf5-1f66-4367-ac6f-a8a3e3879e64
console.warn: LoginHelper(Main): "Couldn't parse specified uri [System Principal] with error NS_ERROR_MALFORMED_URI"
JavaScript error: , line 0: NotFoundError: No such JSWindowActor 'DevToolsFrame'
1694082444944	Marionette	INFO	Stopped listening on port 57396
Dynamically enable window occlusion 1
cal\\Temp\\rust_mozprofileazouK8"
console.warn: services.settings: Ignoring preference override of remote settings server
console.warn: services.settings: Allow by setting MOZ_REMOTE_SETTINGS_DEVTOOLS=1 in the environment
1694081186441	Marionette	INFO	Marionette enabled
Dynamically enable window occlusion 0
1694081186525	Marionette	INFO	Listening on port 57542
WebDriver BiDi listening on ws://127.0.0.1:57533
Read port: 57542
1694081186884	RemoteAgent	WARN	TLS certificate errors will be ignored for this session
DevTools listening on ws://127.0.0.1:57533/devtools/browser/62110226-2fd8-4010-8442-7889e14f5bd3
1694081935066	Marionette	INFO	Stopped listening on port 57542
Dynamically enable window occlusion 1
!!! error running onStopped callback: TypeError: callback is not a function
"--remote-debugging-port" "57628" "--remote-allow-hosts" "localhost" "-no-remote" "-profile" "C:\\Users\\laq28\\AppData\\Local\\Temp\\rust_mozprofile5p2MyS"
console.warn: services.settings: Ignoring preference override of remote settings server
console.warn: services.settings: Allow by setting MOZ_REMOTE_SETTINGS_DEVTOOLS=1 in the environment
1694081252959	Marionette	INFO	Marionette enabled
Dynamically enable window occlusion 0
1694081253047	Marionette	INFO	Listening on port 57638
WebDriver BiDi listening on ws://127.0.0.1:57628
Read port: 57638
1694081253392	RemoteAgent	WARN	TLS certificate errors will be ignored for this session
DevTools listening on ws://127.0.0.1:57628/devtools/browser/a664a4e1-e745-4c95-a253-5e042f4e4083
console.warn: LoginHelper(Main): "Couldn't parse specified uri [System Principal] with error NS_ERROR_MALFORMED_URI"
console.warn: LoginHelper(Main): "Couldn't parse specified uri [System Principal] with error NS_ERROR_MALFORMED_URI"
JavaScript error: resource://gre/modules/AsyncShutdown.sys.mjs, line 573: NotFoundError: No such JSWindowActor 'DevToolsFrame'
1694084246598	Marionette	INFO	Stopped listening on port 57638
Dynamically enable window occlusion 1
 setting MOZ_REMOTE_SETTINGS_DEVTOOLS=1 in the environment
1694081645602	Marionette	INFO	Marionette enabled
Dynamically enable window occlusion 0
1694081645689	Marionette	INFO	Listening on port 57892
WebDriver BiDi listening on ws://127.0.0.1:57884
Read port: 57892
1694081645923	RemoteAgent	WARN	TLS certificate errors will be ignored for this session
DevTools listening on ws://127.0.0.1:57884/devtools/browser/1e3c1cd0-f553-45db-98f5-f5183bf98221
1694081933507	Marionette	INFO	Stopped listening on port 57892
Dynamically enable window occlusion 1
ng command: "C:\\Program Files\\Mozilla Firefox\\firefox.exe" "--marionette" "--remote-debugging-port" "58086" "--remote-allow-hosts" "localhost" "-no-remote" "-profile" "C:\\Users\\laq28\\AppData\\Local\\Temp\\rust_mozprofilefLofLe"
console.warn: services.settings: Ignoring preference override of remote settings server
console.warn: services.settings: Allow by setting MOZ_REMOTE_SETTINGS_DEVTOOLS=1 in the environment
1694081917492	Marionette	INFO	Marionette enabled
Dynamically enable window occlusion 0
1694081917576	Marionette	INFO	Listening on port 58095
Read port: 58095
WebDriver BiDi listening on ws://127.0.0.1:58086
1694081917793	RemoteAgent	WARN	TLS certificate errors will be ignored for this session
DevTools listening on ws://127.0.0.1:58086/devtools/browser/744a5b3e-631a-4e5b-a858-3900d074d954
1694081934790	Marionette	INFO	Stopped listening on port 58095
Dynamically enable window occlusion 1
1694082023936	geckodriver	INFO	Listening on 127.0.0.1:58194
1694082026986	mozrunner::runner	INFO	Running command: "C:\\Program Files\\Mozilla Firefox\\firefox.exe" "--marionette" "--remote-debugging-port" "58195" "--remote-allow-hosts" "localhost" "-no-remote" "-profile" "C:\\Users\\laq28\\AppData\\Local\\Temp\\rust_mozprofileQ0NJyf"
console.warn: services.settings: Ignoring preference override of remote settings server
console.warn: services.settings: Allow by setting MOZ_REMOTE_SETTINGS_DEVTOOLS=1 in the environment
1694082027530	Marionette	INFO	Marionette enabled
Dynamically enable window occlusion 0
1694082027612	Marionette	INFO	Listening on port 58204
WebDriver BiDi listening on ws://127.0.0.1:58195
Read port: 58204
1694082027948	RemoteAgent	WARN	TLS certificate errors will be ignored for this session
DevTools listening on ws://127.0.0.1:58195/devtools/browser/1dc6ab2a-b7f0-4510-89ab-bf134bf20d68
1694082444550	Marionette	INFO	Stopped listening on port 58204
Dynamically enable window occlusion 1
!!! error running onStopped callback: TypeError: callback is not a function
JavaScript warning: https://mobio:mobio%21%40%23456@dev.mobio.vn/docs/comment_management/vendor/jquery.min.js?v=1694082031090, line 2: Script terminated by timeout at:
k.Event@https://mobio:mobio%21%40%23456@dev.mobio.vn/docs/comment_management/vendor/jquery.min.js?v=1694082031090:2:44139
fix@https://mobio:mobio%21%40%23456@dev.mobio.vn/docs/comment_management/vendor/jquery.min.js?v=1694082031090:2:43553
i@https://mobio:mobio%21%40%23456@dev.mobio.vn/docs/comment_management/vendor/jquery.min.js?v=1694082031090:2:71447

ening on port 58452
WebDriver BiDi listening on ws://127.0.0.1:58444
Read port: 58452
1694082221437	RemoteAgent	WARN	TLS certificate errors will be ignored for this session
DevTools listening on ws://127.0.0.1:58444/devtools/browser/211673d1-9221-4774-8788-2daf0cbb9edc
1694082445070	Marionette	INFO	Stopped listening on port 58452
Dynamically enable window occlusion 1
!!! error running onStopped callback: TypeError: callback is not a function
"--remote-debugging-port" "58520" "--remote-allow-hosts" "localhost" "-no-remote" "-profile" "C:\\Users\\laq28\\AppData\\Local\\Temp\\rust_mozprofileeizY9e"
console.warn: services.settings: Ignoring preference override of remote settings server
console.warn: services.settings: Allow by setting MOZ_REMOTE_SETTINGS_DEVTOOLS=1 in the environment
1694082266011	Marionette	INFO	Marionette enabled
Dynamically enable window occlusion 0
1694082266101	Marionette	INFO	Listening on port 58530
WebDriver BiDi listening on ws://127.0.0.1:58520
Read port: 58530
1694082266428	RemoteAgent	WARN	TLS certificate errors will be ignored for this session
DevTools listening on ws://127.0.0.1:58520/devtools/browser/c5bb0bb5-67c1-4407-ad81-15d6d1169fa1
JavaScript warning: https://mobio:mobio%21%40%23456@dev.mobio.vn/docs/comment_management/vendor/jquery.min.js?v=1694082268949, line 2: Script terminated by timeout at:
k.Event@https://mobio:mobio%21%40%23456@dev.mobio.vn/docs/comment_management/vendor/jquery.min.js?v=1694082268949:2:44139
fix@https://mobio:mobio%21%40%23456@dev.mobio.vn/docs/comment_management/vendor/jquery.min.js?v=1694082268949:2:43553
i@https://mobio:mobio%21%40%23456@dev.mobio.vn/docs/comment_management/vendor/jquery.min.js?v=1694082268949:2:71447

1694082445336	Marionette	INFO	Stopped listening on port 58530
Dynamically enable window occlusion 1
!!! error running onStopped callback: TypeError: callback is not a function
0.1:58667
Read port: 58677
1694082405528	RemoteAgent	WARN	TLS certificate errors will be ignored for this session
DevTools listening on ws://127.0.0.1:58667/devtools/browser/f447bc06-38c9-477e-9320-b3d10b42def2
1694082447325	Marionette	INFO	Stopped listening on port 58677
Dynamically enable window occlusion 1
ng command: "C:\\Program Files\\Mozilla Firefox\\firefox.exe" "--marionette" "--remote-debugging-port" "58738" "--remote-allow-hosts" "localhost" "-no-remote" "-profile" "C:\\Users\\laq28\\AppData\\Local\\Temp\\rust_mozprofilepgdIT2"
console.warn: services.settings: Ignoring preference override of remote settings server
console.warn: services.settings: Allow by setting MOZ_REMOTE_SETTINGS_DEVTOOLS=1 in the environment
1694082441118	Marionette	INFO	Marionette enabled
Dynamically enable window occlusion 0
1694082441215	Marionette	INFO	Listening on port 58756
WebDriver BiDi listening on ws://127.0.0.1:58738
Read port: 58756
1694082441771	RemoteAgent	WARN	TLS certificate errors will be ignored for this session
DevTools listening on ws://127.0.0.1:58738/devtools/browser/8b60c0d9-802f-456b-a666-b8a13f7ff233
1694084257255	Marionette	INFO	Stopped listening on port 58756
Dynamically enable window occlusion 1
ng command: "C:\\Program Files\\Mozilla Firefox\\firefox.exe" "--marionette" "--remote-debugging-port" "58838" "--remote-allow-hosts" "localhost" "-no-remote" "-profile" "C:\\Users\\laq28\\AppData\\Local\\Temp\\rust_mozprofileC2kYep"
console.warn: services.settings: Ignoring preference override of remote settings server
console.warn: services.settings: Allow by setting MOZ_REMOTE_SETTINGS_DEVTOOLS=1 in the environment
1694082506197	Marionette	INFO	Marionette enabled
Dynamically enable window occlusion 0
1694082506286	Marionette	INFO	Listening on port 58849
WebDriver BiDi listening on ws://127.0.0.1:58838
Read port: 58849
1694082506623	RemoteAgent	WARN	TLS certificate errors will be ignored for this session
DevTools listening on ws://127.0.0.1:58838/devtools/browser/5e5dbed1-6a82-437a-ada8-dcb0b4b2a5a2
1694084259759	Marionette	INFO	Stopped listening on port 58849
Dynamically enable window occlusion 1
!!! error running onStopped callback: TypeError: callback is not a function
"--remote-debugging-port" "59029" "--remote-allow-hosts" "localhost" "-no-remote" "-profile" "C:\\Users\\laq28\\AppData\\Local\\Temp\\rust_mozprofileYt2eje"
console.warn: services.settings: Ignoring preference override of remote settings server
console.warn: services.settings: Allow by setting MOZ_REMOTE_SETTINGS_DEVTOOLS=1 in the environment
1694082702325	Marionette	INFO	Marionette enabled
Dynamically enable window occlusion 0
1694082702423	Marionette	INFO	Listening on port 59038
WebDriver BiDi listening on ws://127.0.0.1:59029
Read port: 59038
1694082702752	RemoteAgent	WARN	TLS certificate errors will be ignored for this session
DevTools listening on ws://127.0.0.1:59029/devtools/browser/13f9850f-f281-47e0-8907-5f26a8191982
1694084257501	Marionette	INFO	Stopped listening on port 59038
Dynamically enable window occlusion 1
!!! error running onStopped callback: TypeError: callback is not a function
"--remote-debugging-port" "59101" "--remote-allow-hosts" "localhost" "-no-remote" "-profile" "C:\\Users\\laq28\\AppData\\Local\\Temp\\rust_mozprofilensW5Vr"
console.warn: services.settings: Ignoring preference override of remote settings server
console.warn: services.settings: Allow by setting MOZ_REMOTE_SETTINGS_DEVTOOLS=1 in the environment
1694082733643	Marionette	INFO	Marionette enabled
Dynamically enable window occlusion 0
1694082733745	Marionette	INFO	Listening on port 59115
WebDriver BiDi listening on ws://127.0.0.1:59101
Read port: 59115
1694082734141	RemoteAgent	WARN	TLS certificate errors will be ignored for this session
DevTools listening on ws://127.0.0.1:59101/devtools/browser/f01ee1c0-2572-4270-8754-ddab48524b58
JavaScript error: https://mobio:mobio%21%40%23456@dev.mobio.vn/docs/comment_management/vendor/require.min.js, line 8: Error: Load timeout for modules: utilsSampleRequest
http://requirejs.org/docs/errors.html#timeout
[GFX1-]: GFX: RenderThread detected a device reset in PostUpdate
[GFX1-]: Failed to make render context current during destroying.
1694084257936	Marionette	INFO	Stopped listening on port 59115
Dynamically enable window occlusion 1
!!! error running onStopped callback: TypeError: callback is not a function
console.error: (new Error("Data is not ready.", "resource://gre/modules/JSONFile.sys.mjs", 178))
ttings server
console.warn: services.settings: Allow by setting MOZ_REMOTE_SETTINGS_DEVTOOLS=1 in the environment
1694082802833	Marionette	INFO	Marionette enabled
Dynamically enable window occlusion 0
1694082803138	Marionette	INFO	Listening on port 59215
WebDriver BiDi listening on ws://127.0.0.1:59201
Read port: 59215
1694082803919	RemoteAgent	WARN	TLS certificate errors will be ignored for this session
DevTools listening on ws://127.0.0.1:59201/devtools/browser/0c1ad0cc-d96c-4684-9bff-1003b5e763c1
1694084257447	Marionette	INFO	Stopped listening on port 59215
Dynamically enable window occlusion 1
!!! error running onStopped callback: TypeError: callback is not a function
"--remote-debugging-port" "59406" "--remote-allow-hosts" "localhost" "-no-remote" "-profile" "C:\\Users\\laq28\\AppData\\Local\\Temp\\rust_mozprofileGYviIZ"
console.warn: services.settings: Ignoring preference override of remote settings server
console.warn: services.settings: Allow by setting MOZ_REMOTE_SETTINGS_DEVTOOLS=1 in the environment
1694083007446	Marionette	INFO	Marionette enabled
Dynamically enable window occlusion 0
1694083007547	Marionette	INFO	Listening on port 59415
WebDriver BiDi listening on ws://127.0.0.1:59406
Read port: 59415
1694083007906	RemoteAgent	WARN	TLS certificate errors will be ignored for this session
DevTools listening on ws://127.0.0.1:59406/devtools/browser/a841f3ba-ceac-4fe9-b3f5-b11e18b62b71
1694084259985	Marionette	INFO	Stopped listening on port 59415
Dynamically enable window occlusion 1
!!! error running onStopped callback: TypeError: callback is not a function
"--remote-debugging-port" "59475" "--remote-allow-hosts" "localhost" "-no-remote" "-profile" "C:\\Users\\laq28\\AppData\\Local\\Temp\\rust_mozprofilek0dfhC"
console.warn: services.settings: Ignoring preference override of remote settings server
console.warn: services.settings: Allow by setting MOZ_REMOTE_SETTINGS_DEVTOOLS=1 in the environment
1694083036250	Marionette	INFO	Marionette enabled
Dynamically enable window occlusion 0
1694083036378	Marionette	INFO	Listening on port 59492
WebDriver BiDi listening on ws://127.0.0.1:59475
Read port: 59492
1694083036701	RemoteAgent	WARN	TLS certificate errors will be ignored for this session
DevTools listening on ws://127.0.0.1:59475/devtools/browser/212044aa-dbbf-4cb5-9cb1-f907d649bfb4
1694084257628	Marionette	INFO	Stopped listening on port 59492
Dynamically enable window occlusion 1
!!! error running onStopped callback: TypeError: callback is not a function
console.error: (new Error("Data is not ready.", "resource://gre/modules/JSONFile.sys.mjs", 178))
Users\\laq28\\AppData\\Local\\Temp\\rust_mozprofile2MuJr0"
console.warn: services.settings: Ignoring preference override of remote settings server
console.warn: services.settings: Allow by setting MOZ_REMOTE_SETTINGS_DEVTOOLS=1 in the environment
1694083082401	Marionette	INFO	Marionette enabled
Dynamically enable window occlusion 0
1694083082522	Marionette	INFO	Listening on port 59596
WebDriver BiDi listening on ws://127.0.0.1:59579
Read port: 59596
1694083082897	RemoteAgent	WARN	TLS certificate errors will be ignored for this session
DevTools listening on ws://127.0.0.1:59579/devtools/browser/6f2a0ecd-bad8-4505-a4ea-15ec591bc0dd
1694084259364	Marionette	INFO	Stopped listening on port 59596
Dynamically enable window occlusion 1
!!! error running onStopped callback: TypeError: callback is not a function
[GFX1-]: CompositorBridgeChild receives IPC close with reason=AbnormalShutdown
" "-profile" "C:\\Users\\laq28\\AppData\\Local\\Temp\\rust_mozprofileXRViBQ"
console.warn: services.settings: Ignoring preference override of remote settings server
console.warn: services.settings: Allow by setting MOZ_REMOTE_SETTINGS_DEVTOOLS=1 in the environment
1694083115894	Marionette	INFO	Marionette enabled
Dynamically enable window occlusion 0
1694083115998	Marionette	INFO	Listening on port 59677
WebDriver BiDi listening on ws://127.0.0.1:59655
Read port: 59677
1694083116433	RemoteAgent	WARN	TLS certificate errors will be ignored for this session
DevTools listening on ws://127.0.0.1:59655/devtools/browser/38210970-ad54-4842-8a47-1b460fd9d8a8
1694084259589	Marionette	INFO	Stopped listening on port 59677
Dynamically enable window occlusion 1
!!! error running onStopped callback: TypeError: callback is not a function
"--remote-debugging-port" "59792" "--remote-allow-hosts" "localhost" "-no-remote" "-profile" "C:\\Users\\laq28\\AppData\\Local\\Temp\\rust_mozprofilejM1n1J"
console.warn: services.settings: Ignoring preference override of remote settings server
console.warn: services.settings: Allow by setting MOZ_REMOTE_SETTINGS_DEVTOOLS=1 in the environment
1694083191761	Marionette	INFO	Marionette enabled
Dynamically enable window occlusion 0
1694083191910	Marionette	INFO	Listening on port 59801
WebDriver BiDi listening on ws://127.0.0.1:59792
Read port: 59801
1694083192412	RemoteAgent	WARN	TLS certificate errors will be ignored for this session
DevTools listening on ws://127.0.0.1:59792/devtools/browser/38a8b414-f477-487f-b56c-0207635eb986
1694084257712	Marionette	INFO	Stopped listening on port 59801
Dynamically enable window occlusion 1
!!! error running onStopped callback: TypeError: callback is not a function
"--remote-debugging-port" "59861" "--remote-allow-hosts" "localhost" "-no-remote" "-profile" "C:\\Users\\laq28\\AppData\\Local\\Temp\\rust_mozprofiletEs2uK"
console.warn: services.settings: Ignoring preference override of remote settings server
console.warn: services.settings: Allow by setting MOZ_REMOTE_SETTINGS_DEVTOOLS=1 in the environment
1694083248323	Marionette	INFO	Marionette enabled
Dynamically enable window occlusion 0
1694083248426	Marionette	INFO	Listening on port 59870
WebDriver BiDi listening on ws://127.0.0.1:59861
Read port: 59870
1694083248775	RemoteAgent	WARN	TLS certificate errors will be ignored for this session
DevTools listening on ws://127.0.0.1:59861/devtools/browser/b8d674b4-a8cf-4b21-afc3-c3a65339d7f0
1694084259374	Marionette	INFO	Stopped listening on port 59870
Dynamically enable window occlusion 1
ng command: "C:\\Program Files\\Mozilla Firefox\\firefox.exe" "--marionette" "--remote-debugging-port" "59921" "--remote-allow-hosts" "localhost" "-no-remote" "-profile" "C:\\Users\\laq28\\AppData\\Local\\Temp\\rust_mozprofileg4bx4x"
console.warn: services.settings: Ignoring preference override of remote settings server
console.warn: services.settings: Allow by setting MOZ_REMOTE_SETTINGS_DEVTOOLS=1 in the environment
1694083277051	Marionette	INFO	Marionette enabled
Dynamically enable window occlusion 0
1694083277148	Marionette	INFO	Listening on port 59939
WebDriver BiDi listening on ws://127.0.0.1:59921
Read port: 59939
1694083277442	RemoteAgent	WARN	TLS certificate errors will be ignored for this session
DevTools listening on ws://127.0.0.1:59921/devtools/browser/cee05cc3-400d-4c58-bbf6-e6052fea8094
1694084257832	Marionette	INFO	Stopped listening on port 59939
Dynamically enable window occlusion 1
!!! error running onStopped callback: TypeError: callback is not a function
"--remote-debugging-port" "59982" "--remote-allow-hosts" "localhost" "-no-remote" "-profile" "C:\\Users\\laq28\\AppData\\Local\\Temp\\rust_mozprofilelSAgtZ"
console.warn: services.settings: Ignoring preference override of remote settings server
console.warn: services.settings: Allow by setting MOZ_REMOTE_SETTINGS_DEVTOOLS=1 in the environment
1694083298578	Marionette	INFO	Marionette enabled
Dynamically enable window occlusion 0
1694083298687	Marionette	INFO	Listening on port 59991
WebDriver BiDi listening on ws://127.0.0.1:59982
Read port: 59991
1694083299089	RemoteAgent	WARN	TLS certificate errors will be ignored for this session
DevTools listening on ws://127.0.0.1:59982/devtools/browser/290df6d8-1a9a-45ab-9e9e-4d48ad2950e9
1694084257905	Marionette	INFO	Stopped listening on port 59991
Dynamically enable window occlusion 1
!!! error running onStopped callback: TypeError: callback is not a function
console.error: (new Error("Data is not ready.", "resource://gre/modules/JSONFile.sys.mjs", 178))
Users\\laq28\\AppData\\Local\\Temp\\rust_mozprofileqv317X"
console.warn: services.settings: Ignoring preference override of remote settings server
console.warn: services.settings: Allow by setting MOZ_REMOTE_SETTINGS_DEVTOOLS=1 in the environment
1694083329495	Marionette	INFO	Marionette enabled
Dynamically enable window occlusion 0
1694083329615	Marionette	INFO	Listening on port 60060
WebDriver BiDi listening on ws://127.0.0.1:60043
Read port: 60060
1694083330080	RemoteAgent	WARN	TLS certificate errors will be ignored for this session
DevTools listening on ws://127.0.0.1:60043/devtools/browser/bf13fced-154b-4e53-927a-695385596e24
1694084237781	Marionette	INFO	Stopped listening on port 60060
Dynamically enable window occlusion 1
ng command: "C:\\Program Files\\Mozilla Firefox\\firefox.exe" "--marionette" "--remote-debugging-port" "60130" "--remote-allow-hosts" "localhost" "-no-remote" "-profile" "C:\\Users\\laq28\\AppData\\Local\\Temp\\rust_mozprofile1AvDtU"
console.warn: services.settings: Ignoring preference override of remote settings server
console.warn: services.settings: Allow by setting MOZ_REMOTE_SETTINGS_DEVTOOLS=1 in the environment
1694083378617	Marionette	INFO	Marionette enabled
Dynamically enable window occlusion 0
1694083378723	Marionette	INFO	Listening on port 60139
WebDriver BiDi listening on ws://127.0.0.1:60130
Read port: 60139
1694083379086	RemoteAgent	WARN	TLS certificate errors will be ignored for this session
DevTools listening on ws://127.0.0.1:60130/devtools/browser/e8381ec6-1363-42fa-b38b-296524b6559c
1694084237398	Marionette	INFO	Stopped listening on port 60139
Dynamically enable window occlusion 1
!!! error running onStopped callback: TypeError: callback is not a function
"--remote-debugging-port" "60189" "--remote-allow-hosts" "localhost" "-no-remote" "-profile" "C:\\Users\\laq28\\AppData\\Local\\Temp\\rust_mozprofileGQ7CmS"
console.warn: services.settings: Ignoring preference override of remote settings server
console.warn: services.settings: Allow by setting MOZ_REMOTE_SETTINGS_DEVTOOLS=1 in the environment
1694083412986	Marionette	INFO	Marionette enabled
Dynamically enable window occlusion 0
1694083413114	Marionette	INFO	Listening on port 60200
WebDriver BiDi listening on ws://127.0.0.1:60189
Read port: 60200
1694083413435	RemoteAgent	WARN	TLS certificate errors will be ignored for this session
DevTools listening on ws://127.0.0.1:60189/devtools/browser/7c88cafc-e93f-4101-95d1-9be0438f467c
1694084236935	Marionette	INFO	Stopped listening on port 60200
Dynamically enable window occlusion 1
ng command: "C:\\Program Files\\Mozilla Firefox\\firefox.exe" "--marionette" "--remote-debugging-port" "60333" "--remote-allow-hosts" "localhost" "-no-remote" "-profile" "C:\\Users\\laq28\\AppData\\Local\\Temp\\rust_mozprofileHq1IjL"
console.warn: services.settings: Ignoring preference override of remote settings server
console.warn: services.settings: Allow by setting MOZ_REMOTE_SETTINGS_DEVTOOLS=1 in the environment
1694083572733	Marionette	INFO	Marionette enabled
Dynamically enable window occlusion 0
1694083572833	Marionette	INFO	Listening on port 60342
WebDriver BiDi listening on ws://127.0.0.1:60333
Read port: 60342
1694083573207	RemoteAgent	WARN	TLS certificate errors will be ignored for this session
DevTools listening on ws://127.0.0.1:60333/devtools/browser/9fa5adfb-706b-4e00-84b8-6b49c1a59596
1694084236540	Marionette	INFO	Stopped listening on port 60342
Dynamically enable window occlusion 1
!!! error running onStopped callback: TypeError: callback is not a function
"--remote-debugging-port" "60472" "--remote-allow-hosts" "localhost" "-no-remote" "-profile" "C:\\Users\\laq28\\AppData\\Local\\Temp\\rust_mozprofileo3nqSb"
console.warn: services.settings: Ignoring preference override of remote settings server
console.warn: services.settings: Allow by setting MOZ_REMOTE_SETTINGS_DEVTOOLS=1 in the environment
1694083728185	Marionette	INFO	Marionette enabled
Dynamically enable window occlusion 0
1694083728328	Marionette	INFO	Listening on port 60483
WebDriver BiDi listening on ws://127.0.0.1:60472
Read port: 60483
1694083728827	RemoteAgent	WARN	TLS certificate errors will be ignored for this session
DevTools listening on ws://127.0.0.1:60472/devtools/browser/1779a481-023b-4cb6-a7b8-ef573a3883d0
1694084236422	Marionette	INFO	Stopped listening on port 60483
Dynamically enable window occlusion 1
!!! error running onStopped callback: TypeError: callback is not a function
console.error: (new Error("Data is not ready.", "resource://gre/modules/JSONFile.sys.mjs", 178))
Users\\laq28\\AppData\\Local\\Temp\\rust_mozprofile4gKKwj"
console.warn: services.settings: Ignoring preference override of remote settings server
console.warn: services.settings: Allow by setting MOZ_REMOTE_SETTINGS_DEVTOOLS=1 in the environment
1694083803551	Marionette	INFO	Marionette enabled
Dynamically enable window occlusion 0
1694083803650	Marionette	INFO	Listening on port 60584
Read port: 60584
WebDriver BiDi listening on ws://127.0.0.1:60574
1694083803809	RemoteAgent	WARN	TLS certificate errors will be ignored for this session
DevTools listening on ws://127.0.0.1:60574/devtools/browser/0cbcbbf6-6475-4c7c-93e6-fefa966bbec6
1694084235884	Marionette	INFO	Stopped listening on port 60584
Dynamically enable window occlusion 1
ng command: "C:\\Program Files\\Mozilla Firefox\\firefox.exe" "--marionette" "--remote-debugging-port" "60627" "--remote-allow-hosts" "localhost" "-no-remote" "-profile" "C:\\Users\\laq28\\AppData\\Local\\Temp\\rust_mozprofilexgorUw"
console.warn: services.settings: Ignoring preference override of remote settings server
console.warn: services.settings: Allow by setting MOZ_REMOTE_SETTINGS_DEVTOOLS=1 in the environment
1694083832873	Marionette	INFO	Marionette enabled
Dynamically enable window occlusion 0
1694083832974	Marionette	INFO	Listening on port 60635
WebDriver BiDi listening on ws://127.0.0.1:60627
Read port: 60635
1694083833330	RemoteAgent	WARN	TLS certificate errors will be ignored for this session
DevTools listening on ws://127.0.0.1:60627/devtools/browser/685281a9-6aac-4ca1-9bc5-9d646a4ee79b
1694084235651	Marionette	INFO	Stopped listening on port 60635
Dynamically enable window occlusion 1
!!! error running onStopped callback: TypeError: callback is not a function
console.error: (new Error("Data is not ready.", "resource://gre/modules/JSONFile.sys.mjs", 178))
Users\\laq28\\AppData\\Local\\Temp\\rust_mozprofileskNgvn"
console.warn: services.settings: Ignoring preference override of remote settings server
console.warn: services.settings: Allow by setting MOZ_REMOTE_SETTINGS_DEVTOOLS=1 in the environment
1694083905029	Marionette	INFO	Marionette enabled
Dynamically enable window occlusion 0
1694083905219	Marionette	INFO	Listening on port 60740
WebDriver BiDi listening on ws://127.0.0.1:60722
Read port: 60740
1694083905533	RemoteAgent	WARN	TLS certificate errors will be ignored for this session
DevTools listening on ws://127.0.0.1:60722/devtools/browser/f980ef08-55e4-43fc-97c4-a6fccee9728e
1694084235512	Marionette	INFO	Stopped listening on port 60740
Dynamically enable window occlusion 1
!!! error running onStopped callback: TypeError: callback is not a function
console.error: (new Error("Data is not ready.", "resource://gre/modules/JSONFile.sys.mjs", 178))
Users\\laq28\\AppData\\Local\\Temp\\rust_mozprofileNH69tq"
console.warn: services.settings: Ignoring preference override of remote settings server
console.warn: services.settings: Allow by setting MOZ_REMOTE_SETTINGS_DEVTOOLS=1 in the environment
1694083977087	Marionette	INFO	Marionette enabled
Dynamically enable window occlusion 0
1694083977183	Marionette	INFO	Listening on port 60828
WebDriver BiDi listening on ws://127.0.0.1:60819
Read port: 60828
1694083977779	RemoteAgent	WARN	TLS certificate errors will be ignored for this session
DevTools listening on ws://127.0.0.1:60819/devtools/browser/41dadd0e-7be4-423d-b416-385ba62a1320
1694084235082	Marionette	INFO	Stopped listening on port 60828
Dynamically enable window occlusion 1
ng command: "C:\\Program Files\\Mozilla Firefox\\firefox.exe" "--marionette" "--remote-debugging-port" "60907" "--remote-allow-hosts" "localhost" "-no-remote" "-profile" "C:\\Users\\laq28\\AppData\\Local\\Temp\\rust_mozprofileSovEu3"
console.warn: services.settings: Ignoring preference override of remote settings server
console.warn: services.settings: Allow by setting MOZ_REMOTE_SETTINGS_DEVTOOLS=1 in the environment
1694084052968	Marionette	INFO	Marionette enabled
Dynamically enable window occlusion 0
1694084053097	Marionette	INFO	Listening on port 60924
WebDriver BiDi listening on ws://127.0.0.1:60907
Read port: 60924
1694084053410	RemoteAgent	WARN	TLS certificate errors will be ignored for this session
DevTools listening on ws://127.0.0.1:60907/devtools/browser/5c7484a2-0d24-4f6a-ac71-ebf7530ec8df
1694084234382	Marionette	INFO	Stopped listening on port 60924
Dynamically enable window occlusion 1
ng command: "C:\\Program Files\\Mozilla Firefox\\firefox.exe" "--marionette" "--remote-debugging-port" "61000" "--remote-allow-hosts" "localhost" "-no-remote" "-profile" "C:\\Users\\laq28\\AppData\\Local\\Temp\\rust_mozprofilep4i8wn"
console.warn: services.settings: Ignoring preference override of remote settings server
console.warn: services.settings: Allow by setting MOZ_REMOTE_SETTINGS_DEVTOOLS=1 in the environment
1694084123755	Marionette	INFO	Marionette enabled
Dynamically enable window occlusion 0
1694084123853	Marionette	INFO	Listening on port 61017
WebDriver BiDi listening on ws://127.0.0.1:61000
Read port: 61017
1694084124235	RemoteAgent	WARN	TLS certificate errors will be ignored for this session
out of memory: 0x0000000000000174 bytes requested
out of memory: 0x00000000000275BC bytes requested
out of memory: 0x0000000000001000 bytes requested
[GFX1-]: CompositorBridgeChild receives IPC close with reason=AbnormalShutdown
[GFX1-]: CompositorBridgeChild receives IPC close with reason=AbnormalShutdown
[GFX1-]: CompositorBridgeChild receives IPC close with reason=AbnormalShutdown
[GFX1-]: CompositorBridgeChild receives IPC close with reason=AbnormalShutdown
[GFX1-]: Fallback WR to SW-WR + D3D11
[GFX1-]: Failed to connect GPU process
[GFX1-]: [D3D11] failed to get compositor device.
[GFX1-]: Failed to initialize CompositorD3D11 for SWGL: FEATURE_FAILURE_D3D11_NO_DEVICE
A content process crashed and MOZ_CRASHREPORTER_SHUTDOWN is set, shutting down
[GFX1-]: RenderCompositorSWGL failed mapping default framebuffer, no dt
JavaScript error: resource://activity-stream/lib/ActivityStreamPrefs.jsm, line 27: NS_ERROR_ILLEGAL_VALUE: Component returned failure code: 0x80070057 (NS_ERROR_ILLEGAL_VALUE) [nsIPrefBranch.removeObserver]
console.error: Region.sys.mjs: "Error fetching region" (new AbortError("The operation was aborted. ", (void 0), 757))
console.error: Region.sys.mjs: "Failed to fetch region" (new Error("NO_RESULT", "resource://gre/modules/Region.sys.mjs", 411))
1694084144691	geckodriver	INFO	Listening on 127.0.0.1:61041
1694084147742	mozrunner::runner	INFO	Running command: "C:\\Program Files\\Mozilla Firefox\\firefox.exe" "--marionette" "--remote-debugging-port" "61042" "--remote-allow-hosts" "localhost" "-no-remote" "-profile" "C:\\Users\\laq28\\AppData\\Local\\Temp\\rust_mozprofileYMJIRc"
console.warn: services.settings: Ignoring preference override of remote settings server
console.warn: services.settings: Allow by setting MOZ_REMOTE_SETTINGS_DEVTOOLS=1 in the environment
1694084148410	Marionette	INFO	Marionette enabled
Dynamically enable window occlusion 0
1694084148554	Marionette	INFO	Listening on port 61060
WebDriver BiDi listening on ws://127.0.0.1:61042
Read port: 61060
1694084149020	RemoteAgent	WARN	TLS certificate errors will be ignored for this session
DevTools listening on ws://127.0.0.1:61042/devtools/browser/fdfc6a55-4f7a-4ac0-879e-9754cffa8761
Exiting due to channel error.
Exiting due to channel error.
1694084308753	geckodriver	INFO	Listening on 127.0.0.1:61251
1694084311825	mozrunner::runner	INFO	Running command: "C:\\Program Files\\Mozilla Firefox\\firefox.exe" "--marionette" "--remote-debugging-port" "61252" "--remote-allow-hosts" "localhost" "-no-remote" "-profile" "C:\\Users\\laq28\\AppData\\Local\\Temp\\rust_mozprofileZsFps8"
console.warn: services.settings: Ignoring preference override of remote settings server
console.warn: services.settings: Allow by setting MOZ_REMOTE_SETTINGS_DEVTOOLS=1 in the environment
1694084312220	Marionette	INFO	Marionette enabled
Dynamically enable window occlusion 0
1694084312316	Marionette	INFO	Listening on port 61260
WebDriver BiDi listening on ws://127.0.0.1:61252
Read port: 61260
1694084312682	RemoteAgent	WARN	TLS certificate errors will be ignored for this session
DevTools listening on ws://127.0.0.1:61252/devtools/browser/6ef8e586-cf53-47e5-a61e-6c9f6f8c2da5
1694084328409	Marionette	INFO	Stopped listening on port 61260
Dynamically enable window occlusion 1
!!! error running onStopped callback: TypeError: callback is not a function
